\BOOKMARK [0][-]{chapter.1}{\376\377\136\246\221\317\172\172\225\364}{}% 1
\BOOKMARK [1][-]{section.1.1}{\376\377\000L\000p\000\040\172\172\225\364\116\072\215\113\203\003\124\021\221\317\172\172\225\364}{chapter.1}% 2
\BOOKMARK [2][-]{subsection.1.1.1}{\376\377\203\003\145\160\377\014\136\246\221\317}{section.1.1}% 3
\BOOKMARK [2][-]{subsection.1.1.2}{\376\377\000L\000p\000\040\000S\000p\000a\000c\000e}{section.1.1}% 4
\BOOKMARK [2][-]{subsection.1.1.3}{\376\377\000Y\000o\000u\000n\000g\000\040\000I\000n\000e\000q\000u\000a\000l\000i\000t\000y}{section.1.1}% 5
\BOOKMARK [2][-]{subsection.1.1.4}{\376\377\000H\000\366\000l\000d\000e\000r\000\040\000I\000n\000e\000q\000u\000a\000l\000i\000t\000y}{section.1.1}% 6
\BOOKMARK [2][-]{subsection.1.1.5}{\376\377\000M\000i\000n\000k\000o\000w\000s\000k\000i\000\040\000I\000n\000e\000q\000u\000a\000l\000i\000t\000y}{section.1.1}% 7
\BOOKMARK [1][-]{section.1.2}{\376\377\000C\000o\000m\000p\000l\000e\000t\000i\000o\000n\000\040\000o\000f\000\040\000a\000\040\000m\000e\000t\000r\000i\000c\000\040\000s\000p\000a\000c\000e}{chapter.1}% 8
\BOOKMARK [2][-]{subsection.1.2.1}{\376\377\000C\000o\000m\000p\000l\000e\000t\000e\000\040\000m\000e\000t\000r\000i\000c\000\040\000s\000p\000a\000c\000e\000s}{section.1.2}% 9
\BOOKMARK [2][-]{subsection.1.2.2}{\376\377\000N\000o\000w\000h\000e\000r\000e\000\040\000d\000e\000n\000s\000e\000\040\000\046\000\040\000C\000a\000t\000e\000g\000o\000r\000y\000\040\000S\000e\000t}{section.1.2}% 10
\BOOKMARK [2][-]{subsection.1.2.3}{\376\377\117\335\215\335\124\014\147\204\000,\000\040\133\214\131\007\123\026\172\172\225\364}{section.1.2}% 11
\BOOKMARK [2][-]{subsection.1.2.4}{\376\377\000C\000o\000m\000p\000l\000e\000t\000i\000o\000n\000\040\000o\000f\000\040\000a\000\040\000m\000e\000t\000r\000i\000c\000\040\000s\000p\000a\000c\000e}{section.1.2}% 12
\BOOKMARK [1][-]{section.1.3}{\376\377\000S\000e\000q\000u\000e\000n\000t\000i\000a\000l\000l\000y\000\040\000C\000o\000m\000p\000a\000c\000t}{chapter.1}% 13
\BOOKMARK [1][-]{section.1.4}{\376\377\133\214\121\150\147\011\165\114\226\306}{chapter.1}% 14
\BOOKMARK [1][-]{section.1.5}{\376\377\123\357\122\006\136\246\221\317\172\172\225\364}{chapter.1}% 15
\BOOKMARK [1][-]{section.1.6}{\376\377\000C\000o\000m\000p\000a\000c\000t}{chapter.1}% 16
\BOOKMARK [2][-]{subsection.1.6.1}{\376\377\136\246\221\317\172\172\225\364\175\047\226\306\166\204\140\047\215\050}{section.1.6}% 17
\BOOKMARK [2][-]{subsection.1.6.2}{\376\377\136\246\221\317\172\172\225\364\175\047\201\364\166\204\173\111\116\367\122\073\165\073}{section.1.6}% 18
\BOOKMARK [1][-]{section.1.7}{\376\377\116\000\201\364\147\011\165\114\000,\000\040\173\111\136\246\217\336\176\355}{chapter.1}% 19
\BOOKMARK [2][-]{subsection.1.7.1}{\376\377\175\047\201\364\136\246\221\317\172\172\225\364\116\012\166\204\217\336\176\355\121\375\145\160\121\150\117\123}{section.1.7}% 20
\BOOKMARK [2][-]{subsection.1.7.2}{\376\377\116\000\201\364\147\011\165\114\000,\000\040\173\111\136\246\217\336\176\355}{section.1.7}% 21
\BOOKMARK [1][-]{section.1.8}{\376\377\000A\000r\000z\000e\000l\000\340\000-\000A\000s\000c\000o\000l\000i\133\232\164\006}{chapter.1}% 22
\BOOKMARK [0][-]{appendix.A}{\376\377\000S\000u\000p\000p\000l\000e\000m\000e\000n\000t\000a\000r\000y\000\040\000\040\000C\000o\000n\000t\000e\000n\000t}{}% 23
\BOOKMARK [1][-]{section.A.1}{\376\377\136\246\221\317\172\172\225\364\172\040\133\306\133\120\226\306\166\204\173\111\116\367\122\073\165\073}{appendix.A}% 24
